3242369711
2520429091
496357619
1249704563
3536630836
4019506090
3698111825
532363300
3937340058
679591368
3789502103
0
1924705203
3309678678
427526940
3997442265
1855701565
0
3275636157
3272142361
708159623
3661650218
266363630
3873525690
1271062611
0
3020160033
708679272
1578242137
2378462833
1594596588
1568353719
1393693101
3669787840
150078759
1215312879
986500349
4102814977
863559861
2372702664
2367187482
1461830349
3377968338
1033239786
3378219505
1761165701
2499706961
3945164859
1059373112
2952799611
2851288735
1665686976
2170050866
3227393376
263401486
2806227941
153796442
0
1301352256
2177553688
1338979604
460752070
4050285921
1447479236
0
2351076255
2135580819
2750900331
3720543220
2359086956
3573406411
902392491
4037519542
61095066
3784372768
2648836685
1039659105
3837880278
374648745
2970161747
1342850014
4101858196
3685025
4240495526
1233756309
3630241101
1626628415
2429974957
2314527512
1314615868
1324145504
1920572929
2008216279
2836181008
3227393376
1747118198
1354785430
2800073973
185224630
3955780719
4040627199
2504189010
3612414924
104956622
3971263284
3687773578
1439234924
1116154506
842558543
846708293
3178304522
584923588
407657872
2745471051
2049596822
2695075323
2340891742
845895439
3406619098
1317993591
3397388568
3271539746
1637680490
1712811325
1416165629
3227393376
2351985351
929753092
3204313817
1559445982
1249858782
4183016685
3200689018
441252137
163169222
4272637001
3431919134
108566686
2850108319
605499485
1578405463
133134293
4160299594
3586609415
120608324
3339822379
1293432167
3248980546
2341036408
3100319365
3425810436
0
1769237050
2599432761
3830201403
1920971382
0
1526836118
3947783695
2179016015
1258541370
3918252073
3587398688
280818491
618442917
2697893367
159366334
3418759472
774659068
2903097517
2379160050
906920066
1858959149
115048835
0
0
515724256
2481402775
4011709837
574347703
0
376392313
991518892
1084403655
0
1592434206
3922843950
3550574108
344477858
1659849966
177194920
1945213262
1890542207
3728391145
1317993591
1623906909
3745103636
1473078087
538255969
456380366
334025763
3012511045
165572813
1611237766
1270436245
2172893529
2513440410
248574820
0
1391378658
0
4279396207
0
705943474
1660894769
2413208506
2073580662
1839851231
2866666345
1811502601
0
1624925995
2609023985
350247741
1233239848
1318391894
1730866243
2044053159
1399810351
3717753483
1383801512
3919669277
2525863713
745179226
325321356
2526823861
252183605
3855206893
1221844637
63991675
3515025464
1890860866
1359544398
2186729046
2247392687
1590668700
3170511175
3685043020
2570728649
1219854057
4128946947
3224212351
104994523
2703048810
3494990637
840092407
3299012341
430534855
1593148386
3034790985
4274643356
3175096813
2179144414
92273252
0
2273717139
4235800355
3166072220
4241976820
165279349
2504564286
1258748312
588059972
1100383424
3520683440
407657872
4111369265
3846550080
4009551370
2405322277
1779460388
2749705624
2301696315
432409196
2314102094
2186985101
524707597
3596729858
745982221
1899447902
3090067132
3886259143
76233151
1973096809
2464339785
3424703429
61125009
0
2853394390
2014325650
742096004
4134492917
0
2675343312
1793947430
1590225298
2958534564
141960856
50903156
998659647
2501659856
3341335331
2216180539
3964360013
3801766792
2542797205
1561652041
0
0
1655696878
2258125326
32068566
3620493939
2368439903
1190544268
3175577878
3213613145
2553264562
2798812075
1039221201
3244002837
3344076467
237970987
826463072
1343092792
152728767
4221073060
2377176448
3149178681
1883647588
1259120671
2104317822
1747118198
0
2048529697
98968902
458068787
0
1301311915
3538047625
0
2575346699
107702955
874533076
3316331065
2698218050
3997975196
3846550080
2588237939
660362790
2211684575
635337705
4132694670
1126497782
2908332781
2152482949
188528028
1920572929
0
3298056490
696764554
1716859470
1893232089
3434739262
2870947436
1886045457
2513307303
3901955003
3206102141
3981730037
3421574792
2118002148
365626998
299843588
1787319958
3455920782
4010968167
1922568931
840146560
2323313801
2726983041
2638654524
2986600934
2071074441
0
464046176
2998027824
2532211284
57515664
2883998794
3604763280
4237153930
2998200266
3346899929
1164165291
3310138487
661699197
1227748500
3996164414
24584292
3710787236
2376107282
4146501088
1264821315
2361064272
0
0
3037183343
1927054561
0
3290159182
2227055367
1434271209
0
3914178797
2411340338
3357290705
2286775971
2016027829
2673393520
890893835
1160977630
3608213028
386831728
2813222617
1950719121
3164857360
4012625097
1558775806
157103319
0
2813222617
0
4034578856
41098412
0
136974446
495378205
1814492582
101512839
3285046905
3634156896
1509873416
2165246214
1943083270
1455739057
870329246
1850643078
2090630045
2942316371
2237563408
1053138024
1009120482
3039479138
0
3541565429
407657872
3011691682
1950441556
3688164567
0
2634011127
3966835132
1811502601
348573564
4047441711
87861356
2703726234
0
2202331429
2917363493
579655349
3207384875
2066569449
2674182357
3297819127
499900332
3236853770
1172820048
3317000581
2222205036
4097154201
2105215457
1462279911
3014254548
3667590786
3602376197
1776693432
2176133735
4157264079
703592217
726949260
546477255
2582646825
3289660913
790268737
3069988644
2329240819
1902554773
2760030420
4253453277
1296927127
3602443232
1490517412
4289072045
3727147532
4095618193
2937467039
2756126976
2309112529
3998688855
129438970
1534589346
3411019549
591650416
277207133
2850879699
3185282937
3804500480
2617435319
3529993601
1087062098
2487193838
962628530
3795099973
1251721295
2217980756
353988765
423734778
3931946165
664411003
1735328061
3352597008
163420168
1293695497
1935518839
1304650376
2322791903
369261467
758798938
2090888085
1020050580
2769373582
196081604
670717518
401562523
3819136436
3480460186
2318606572
3649078512
750615653
4049099910
3995134522
3312969953
384194699
2010172754
2122400371
1991335084
2565416441
2706987034
1018155445
1449696804
1331048718
1307893019
429172984
3941631400
3278588083
1191157288
3036509108
2744113766
3263674693
1270696773
1435486197
348384756
313039271
730954850
4267019169
3544777782
3133472222
1982776636
1579899554
1863031883
1152402620
99091401
3545831387
3386965852
2564311431
3206160128
2387707203
244857453
1676841576
1109129576
35522632
1258707978
3274627558
4290819023
849339985
3454385145
2514512231
788032085
1764804994
1414620729
782998076
1377248813
3099331781
4197013753
2074988703
1791824345
1389181200
1204336957
1027174061
717833882
2640437771
1947276222
3464892481
2137250876
1008613187
1720875993
1055548454
2805246731
1833869011
1441936221
564559668
650229651
3316230057
1388302078
3547698395
2664464604
2102885612
3514803297
2356225633
1047977259
4043747890
508552018
3954233294
411462570
3964596365
3466622192
1292228172
2672813637
18811996
822711111
2746308189
4130493065
980625245
1611131148
3607503002
2428379913
3579430621
2814690311
2652630878
1370965634
3941788761
1869429568
3074260573
508373520
3626415823
1571009478
4006086100
3045825892
2169593751
738269115
1173895822
2114609530
3338007881
4118775012
1932257438
1383792487
3628638830
604442387
1813056556
3512908847
2659095403
2994593227
2134911075
2131625221
4060171260
480250581
2406157060
375610280
2541164968
1094412977
2313890677
3123080350
2407280369
4287203529
812355792
738269115
2010172754
151237006
1177791049
2917661261
1420436457
3768221666
1152402620
180515788
1206822403
47948737
20753121
536341491
2386397086
3487031777
419545125
3122876509
2083860342
3207751444
1278211225
3474490132
2047504011
3357305636
3081180486
1291735242
345533622
2029324697
2738091403
1778215942
115835867
1833973706
3994509907
57049217
646220877
3746169213
3632015936
2475474323
2880037760
670717518
1300484372
2615608903
3565485525
2329240819
3325056782
30439452
1914401323
2797032833
3430659158
157457894
1422573198
4126637102
926551357
239240338
1867604188
1556475846
3164701898
2906284823
3327696494
3009319273
1269908230
1636278808
2195593383
1015217625
1433833216
3636627769
2193722613
283100463
735895824
3268372127
4196608630
1903807394
1256127710
3640350433
302955381
3020372425
2667783538
1143418999
3240645973
1986905157
1996912930
874873758
832467361
355789321
328247545
1846451965
3032753708
1983890736
2239713894
481705493
3515244040
783849119
1967524162
663260992
3234138697
1855189460
2172700552
1344224695
1658499433
2290494611
3129573922
142535635
2265539260
3160493902
4134452898
869199799
2070614743
772732520
300434025
4054070427
653972046
464548059
3545548164
1534701610
923152119
4042957297
414446853
3701628005
4072503169
764780326
4093757974
2217980756
958279481
3924529950
2680722047
2869073838
2772181135
2173442858
1494126287
640821398
2464555528
1206415822
1291178181
3563625311
955858822
504877539
1003076880
2064970107
3190359330
1122920140
976604763
2683271700
2335215393
2383928963
20411000
3363066586
268698526
3421207847
2898321048
1138998855
565691831
1995770203
796130019
2744223621
2959818545
3750665325
1554008495
1338070430
2569210899
3498620045
3994098754
3803898033
2508819019
2514512231
129597598
4078490934
3198469537
952934930
3219006767
1604869948
2807770582
2112954016
675014690
2441349423
1072368969
4252506421
2594668655
3049497607
2387477512
2780747069
2005283164
1150121951
764100915
1805017585
145394104
414324089
1312271456
4062176426
2285851002
199213453
3045313285
1289452076
1070685956
419616032
3273533822
2142739661
1360408226
1194307215
4130930473
2132636237
3780783945
4106440288
2364376469
2186862172
2417008820
3970424432
3770711066
2911014306
1086556694
2878938160
3965874527
570775542
3032753708
1407181109
2349424143
411263239
3480460186
3746146955
1300185472
3793456991
196285181
2582646825
2251654060
3501048362
1596905618
1099796177
3182645527
1230642851
785947842
2311835178
3443630955
2638078227
586953736
2772181135
163420168
3338626960
3682199042
3233110930
3480382432
2582913560
291775067
4080070996
2114276936
1915295375
3370216370
1637373382
4212625797
3903273235
3715592098
1642453381
3830778617
707013419
1711219396
3677448185
799127340
3662062086
850583123
2815416589
2140958787
1135438984
1331848006
290040366
2836053283
3727910452
4130493065
3686020061
565764395
3835058466
1708587224
3196451826
4118701208
1302862521
196464178
1514346768
1877251483
1236100937
60682463
777723931
2173442858
1814491849
66254999
1105013537
107249819
1503713349
2032369153
1864466400
1140634385
614822280
2310361924
2912079060
1068655806
417023742
3430052025
1104093233
2825491808
4053321078
4260056043
663077202
3701628005
1542589446
1530738607
72755559
4096096893
1807403795
