1
107
1
35
141
4
1
19
4
112
10
1
1
1
345
98
1
1
10
1
1
1
1
1
4
10
317
1
1
1
1
1
4
8568
1
4
1
4
18514
1
4
1
33
1
1
19
1
4
10
10
8140
4
4
409
1
1
4
1
1
1
1
1
19
1
1
33
10
20
1
1
4
4
1
1
46
1
1
1
1
76
4
149
1
1
4
1
4
1
4
1
35
4
20
4
1
4
1
1
1
26
4
4
1
74
19
4
72
1
1
1
1
19
4
1
480
1
1
10
1
742505
1
4
4
33
1
1
1
1
10
4
4
10
76
20
1
201
1559
1
1
1
20
1228
131
4
1
1
4
4
1
1
35
4
4
1
1
1
1
34
699
1
4
1
1
1
823
1
1
4
192
1
72
162
154207
1
19
1
4
1
1
1
1
16
1
20
1
4
1
1
1
4
4
1
4
4
1
184
133
1365
4
1
1
20
43
5060501
4
20
4
1
1
1
80
1
14
4
10
350
416
1
20
10
215
1
4
11
4
4
1
38
4
20
4
1
1
31
60
74
333
1
4
4
1
12
1
1
10
1
20
73
4
1
1
1
1
1
1
1
325
46
180855
10
1
33
4
13
238
170
1
1
4
1
1
10
1
4
1
1
20
1021
133289
4
1
1
4
1
1
113
10
1
20
1
1
1
1
1
76
10
4
6
1
1
3697
1
167
336
46
53
4
4
42
1
22
1
1
1705
710
1
4
1
1
4
28126
76
1
1
8
4
1
7
1
1
30
1
1
1
1
10
1
74
1
53
4
10
806
1180
1
1
26
5
4
4
4
1
1
253
170
8
4
1
33
1
1
10
10
2
1
20
49
12
1
4
10
1
4
10
182
3
1
4
4
1
4
1
72901166
1
5
53
2
20
1
1
2145
24
1
376
1
9
133
9
25592
3817
1
1
53
4
1
7
1
1
4
1
38
1
1
1
10
4
4
970
1
22
1
4
1
32
1
1
4
1
1
1
1
1
1
10
36843
3
1
1
1
1
1
1
49
52
6
4
4772
10
20
72
4
20
6
1
4
46
72
4
403
1
1
1
10
4
1
14
4
1
1
1
2446
1
4
4
1047
1
1
296
98
1
20
1
244
5035
1
44
10
1
71
1
4
152
387
52
10
349
1
1325
1
1
1
976
35
1
1
1
280
4
1
1
11
20
4
10
4
1
1
1
1
8
244
1
1
1
1
62
1
57
4
34
212
1
1
1
1
1
1
2020
1
1
1
20
4
1
4
1
10
2
303
1
5
22
4
1
4
37
123
9690
1
76
33
25
3
12339
19
1
10
4
1
35
1
43
1
4
1
1
1
1
4
10
1
1
4
1
240
1
22
323
10
4
52
1
10
1
1
1
9
4
1
1
1
1
5
18
1
20
40
6
1200
130
1
4
1
1
1
4
10
1
1
4
1
11
4
1
1
1
20
4
10
1
1
28
16
1
1
10
10
22
76
523
1
1
10
1
1
3241
18
1
4
1
1
1
28
1
802
1
652
1
10
10
1456433
14
20
274
793
179
332
20
52
3800
8375
6
1
1
1
11
18
1
4
4
40
3058
10
1
37
306
83
68
8
46
1
1
1
1
24
10
393
1
1
4
20736
1
1
1
526
336
1
80
11
56
1
1
1
18
4
43
7
802
19
4
9
3
335
6
13
1
9
1
323
6
194
1
1
1
20
1
1
19
8
4
1
42
79
1
38
1
1
11
1
49
210
1
1
1
1
1
9
4
4
1
9
1
1
7
20
8
306
10
1
1
4
1
10
1
36
4
11
1
4
1
1
1274
1
4
18
1
10
2
1
1
17
14
19
33350
38
1
8
4
32
292
3
3
1
40
4
1
4
35
4
10
8
1
1
442
6286
14
8
1
14
118
74
24
9445712
1
1
1
1
1
266212
4
1
1
8
1
104
1
71
1
1
1
13
236
26
1047
570
1
1
1
1
6
601
1
7
1391
1
337
3
194
2
4
15
10
7
33
6
1
4
1
1
4
509
11
1
4
6
9
10
1297
1
55
1
1
20
4
1
4
18
182
10
1
282
20
1242
9
435
1
1
4
1
4
20
4
25
20
1242
1
4
51854
118
704
22
10
20
18154
1
14
1
1
19
14
1389
1258
1
1
6968909
9
70
6
24
232
48
1
1
20
1
2
1
6
10
74865
1
7
1
1
1
22
19
4
11
1
1
1
1
4
12416
8834
18
1
6620
8
1
62
138
3356
1
1
1
1
78
6
1
70
1
14
118
1
4
1
4
85
25
12
1
1
46
64
1
4
2
34
6
1
10
352
41431
1
38
16
4
112
20
686
11
4
4
52
75
1
2276
41496
12
14
106
7
69
14
68
242
4
1
553
37
4
58585
1
4
6
1130
518
244
1
1
4
445
11
14
7063358
1
223
28
1
7
11
58
1
91
1274
24
6
499
68
1
40
1
3
1
354
73
1
21731
211350
12
1
36
5
7
603
4
1
4
1
5
343
1
1
10
12
1
1745
1
1
3
1
3
76
96
43
104
1
4
10
24
6
1
1
18406
302293
274
108
1
1
16
194
155
37
63
71
1
71
76
1
4
4
3208
2017
10
7
194
1
10
5
12
20
9
2726
11
3628
170
9
1
37
118
1
28
1
1
2
10
1
9
6
1
8
1
168
22
1
4
4102441
14
1
22
4
9
4317
2
32
126
10
4
6
51
10
82
9
7
1
4043
203
13
16
402
1
14
7396159
2726
449
1
1
8
1
1
203
49
104
1297
1
68578
10
20
267
7
1
1
581
1
292171
84
1766
4
422
11
31
9
1
1
292
1
44
10
40
1
82
1
1
348
1
5
113
1
79
10
1
34
1856
4
20
1
12
1
